<?xml version="1.0" encoding="UTF-8"?>
<!-- Generated by org.testng.reporters.JUnitReportReporter -->
<testsuite hostname="ADMINIB-U0RGV7D" name="testcases.VerifyHomePage" tests="1" failures="0" timestamp="10 Feb 2017 06:13:05 GMT" time="8.569" errors="0">
  <testcase name="VerifyHomePageTitle" time="8.569" classname="testcases.VerifyHomePage"/>
</testsuite> <!-- testcases.VerifyHomePage -->
