<?xml version="1.0" encoding="UTF-8"?>
<!-- Generated by org.testng.reporters.JUnitReportReporter -->
<testsuite hostname="ADMINIB-U0RGV7D" name="testcases.VerifyLoginpageWithReportNScreenshot" tests="1" failures="0" timestamp="11 Feb 2017 02:49:29 GMT" time="18.653" errors="0">
  <testcase name="VerifyLogin" time="18.653" classname="testcases.VerifyLoginpageWithReportNScreenshot"/>
</testsuite> <!-- testcases.VerifyLoginpageWithReportNScreenshot -->
